Note: Using 3.12.5, tiny.en for both models, direct wired microphone

Okay, I have two Python scripts and the first one acts as the script that starts the audio recording.
And the second one acts as the audio transcriber. In any case, look through the file yourself and
figure out how they work and what they do. Then I want you to do the following. I want you to enable
all debugging options and add any debugging options you can from Python. For both files. And I want
the output of that debugging to be saved in a log file.

==============================================================================

Okay, I have two Python scripts and the first one acts as the script that starts the audio recording.
The one right as the audio transcribe bar.Look through the file yourself and figure out how they're
working, what they do.And I want you to do the following.You to enable all debugging options and add
any debugging options you can from Python.For both files.I want the output of the debugging to be
saved in a log file.

RealTimeSTT: root - DEBUG - Explicitly setting the multiprocessing start method to 'spawn'
RealTimeSTT: root - DEBUG - Start method has already been set. Details: context has already been set
RealTimeSTT: root - INFO - Starting RealTimeSTT
RealTimeSTT: root - INFO - Initializing audio recording (creating pyAudio input stream, sample rate: 16000 buffer size: 512
RealTimeSTT: root - INFO - Initializing faster_whisper realtime transcription model tiny.en
RealTimeSTT: urllib3.connectionpool - DEBUG - Starting new HTTPS connection (1): huggingface.co:443
RealTimeSTT: urllib3.connectionpool - DEBUG - https://huggingface.co:443 "GET /api/models/Systran/faster-whisper-tiny.en/revision/main HTTP/11" 200 871
RealTimeSTT: root - DEBUG - Faster_whisper realtime speech to text transcription model initialized successfully
RealTimeSTT: root - INFO - Initializing WebRTC voice with Sensitivity 2
RealTimeSTT: root - DEBUG - WebRTC VAD voice activity detection engine initialized successfully
RealTimeSTT: torio._extension.utils - DEBUG - Loading FFmpeg6
RealTimeSTT: torio._extension.utils - DEBUG - Failed to load FFmpeg6 extension.
Traceback (most recent call last):
  File "C:\Users\Bill\anaconda3\envs\RealTimeSTT\Lib\site-packages\torio\_extension\utils.py", line 116, in _find_ffmpeg_extension
    ext = _find_versionsed_ffmpeg_extension(ffmpeg_ver)
          ^^^^^^^^^^^^^^^^^^^^^^^^^^^^^^^^^^^^^^^^^^^^^
  File "C:\Users\Bill\anaconda3\envs\RealTimeSTT\Lib\site-packages\torio\_extension\utils.py", line 108, in _find_versionsed_ffmpeg_extension
    _load_lib(lib)
  File "C:\Users\Bill\anaconda3\envs\RealTimeSTT\Lib\site-packages\torio\_extension\utils.py", line 94, in _load_lib
    torch.ops.load_library(path)
  File "C:\Users\Bill\anaconda3\envs\RealTimeSTT\Lib\site-packages\torch\_ops.py", line 1032, in load_library
    ctypes.CDLL(path)
  File "C:\Users\Bill\anaconda3\envs\RealTimeSTT\Lib\ctypes\__init__.py", line 379, in __init__
    self._handle = _dlopen(self._name, mode)
                   ^^^^^^^^^^^^^^^^^^^^^^^^^
FileNotFoundError: Could not find module 'C:\Users\Bill\anaconda3\envs\RealTimeSTT\Lib\site-packages\torio\lib\libtorio_ffmpeg6.pyd' (or one of its dependencies). Try using the full path with constructor syntax.
RealTimeSTT: torio._extension.utils - DEBUG - Loading FFmpeg5
RealTimeSTT: torio._extension.utils - DEBUG - Failed to load FFmpeg5 extension.
Traceback (most recent call last):
  File "C:\Users\Bill\anaconda3\envs\RealTimeSTT\Lib\site-packages\torio\_extension\utils.py", line 116, in _find_ffmpeg_extension
    ext = _find_versionsed_ffmpeg_extension(ffmpeg_ver)
          ^^^^^^^^^^^^^^^^^^^^^^^^^^^^^^^^^^^^^^^^^^^^^
  File "C:\Users\Bill\anaconda3\envs\RealTimeSTT\Lib\site-packages\torio\_extension\utils.py", line 108, in _find_versionsed_ffmpeg_extension
    _load_lib(lib)
  File "C:\Users\Bill\anaconda3\envs\RealTimeSTT\Lib\site-packages\torio\_extension\utils.py", line 94, in _load_lib
    torch.ops.load_library(path)
  File "C:\Users\Bill\anaconda3\envs\RealTimeSTT\Lib\site-packages\torch\_ops.py", line 1032, in load_library
    ctypes.CDLL(path)
  File "C:\Users\Bill\anaconda3\envs\RealTimeSTT\Lib\ctypes\__init__.py", line 379, in __init__
    self._handle = _dlopen(self._name, mode)
                   ^^^^^^^^^^^^^^^^^^^^^^^^^
FileNotFoundError: Could not find module 'C:\Users\Bill\anaconda3\envs\RealTimeSTT\Lib\site-packages\torio\lib\libtorio_ffmpeg5.pyd' (or one of its dependencies). Try using the full path with constructor syntax.
RealTimeSTT: torio._extension.utils - DEBUG - Loading FFmpeg4
RealTimeSTT: torio._extension.utils - DEBUG - Failed to load FFmpeg4 extension.
Traceback (most recent call last):
  File "C:\Users\Bill\anaconda3\envs\RealTimeSTT\Lib\site-packages\torio\_extension\utils.py", line 116, in _find_ffmpeg_extension
    ext = _find_versionsed_ffmpeg_extension(ffmpeg_ver)
          ^^^^^^^^^^^^^^^^^^^^^^^^^^^^^^^^^^^^^^^^^^^^^
  File "C:\Users\Bill\anaconda3\envs\RealTimeSTT\Lib\site-packages\torio\_extension\utils.py", line 108, in _find_versionsed_ffmpeg_extension
    _load_lib(lib)
  File "C:\Users\Bill\anaconda3\envs\RealTimeSTT\Lib\site-packages\torio\_extension\utils.py", line 94, in _load_lib
    torch.ops.load_library(path)
  File "C:\Users\Bill\anaconda3\envs\RealTimeSTT\Lib\site-packages\torch\_ops.py", line 1032, in load_library
    ctypes.CDLL(path)
  File "C:\Users\Bill\anaconda3\envs\RealTimeSTT\Lib\ctypes\__init__.py", line 379, in __init__
    self._handle = _dlopen(self._name, mode)
                   ^^^^^^^^^^^^^^^^^^^^^^^^^
FileNotFoundError: Could not find module 'C:\Users\Bill\anaconda3\envs\RealTimeSTT\Lib\site-packages\torio\lib\libtorio_ffmpeg4.pyd' (or one of its dependencies). Try using the full path with constructor syntax.
RealTimeSTT: torio._extension.utils - DEBUG - Loading FFmpeg
RealTimeSTT: torio._extension.utils - DEBUG - Failed to load FFmpeg extension.
Traceback (most recent call last):
  File "C:\Users\Bill\anaconda3\envs\RealTimeSTT\Lib\site-packages\torio\_extension\utils.py", line 116, in _find_ffmpeg_extension
    ext = _find_versionsed_ffmpeg_extension(ffmpeg_ver)
          ^^^^^^^^^^^^^^^^^^^^^^^^^^^^^^^^^^^^^^^^^^^^^
  File "C:\Users\Bill\anaconda3\envs\RealTimeSTT\Lib\site-packages\torio\_extension\utils.py", line 106, in _find_versionsed_ffmpeg_extension
    raise RuntimeError(f"FFmpeg{version} extension is not available.")
RuntimeError: FFmpeg extension is not available.
RealTimeSTT: root - DEBUG - Silero VAD voice activity detection engine initialized successfully
RealTimeSTT: root - DEBUG - Starting recording worker
RealTimeSTT: root - DEBUG - Starting realtime worker
RealTimeSTT: root - DEBUG - Waiting for main transcription model to start
RealTimeSTT: root - DEBUG - Main transcription model ready
RealTimeSTT: root - DEBUG - RealtimeSTT initialization completed successfully
RealTimeSTT: root - DEBUG - Waiting for recording start
RealTimeSTT: root - INFO - voice activity detected
RealTimeSTT: root - INFO - recording started
RealTimeSTT: root - DEBUG - Waiting for recording stop
RealTimeSTT: faster_whisper - INFO - Processing audio with duration 00:01.216
RealTimeSTT: faster_whisper - DEBUG - Processing segment at 00:00.000
RealTimeSTT: root - DEBUG - Starting realtime transcription
RealTimeSTT: faster_whisper - INFO - Processing audio with duration 00:02.336
RealTimeSTT: faster_whisper - DEBUG - Processing segment at 00:00.000
RealTimeSTT: root - DEBUG - Starting realtime transcription
RealTimeSTT: faster_whisper - INFO - Processing audio with duration 00:03.424
RealTimeSTT: faster_whisper - DEBUG - Processing segment at 00:00.000
RealTimeSTT: root - DEBUG - Starting realtime transcription
RealTimeSTT: faster_whisper - INFO - Processing audio with duration 00:04.544
RealTimeSTT: faster_whisper - DEBUG - Processing segment at 00:00.000
RealTimeSTT: root - DEBUG - Starting realtime transcription
RealTimeSTT: faster_whisper - INFO - Processing audio with duration 00:05.696
RealTimeSTT: faster_whisper - DEBUG - Processing segment at 00:00.000
RealTimeSTT: root - DEBUG - Starting realtime transcription
RealTimeSTT: faster_whisper - INFO - Processing audio with duration 00:06.912
RealTimeSTT: faster_whisper - DEBUG - Processing segment at 00:00.000
RealTimeSTT: root - INFO - voice deactivity detected
RealTimeSTT: root - INFO - recording stopped
RealTimeSTT: root - DEBUG - Waiting for recording start
RealTimeSTT: root - INFO - voice activity detected
RealTimeSTT: root - INFO - recording started
RealTimeSTT: root - DEBUG - Waiting for recording stop
RealTimeSTT: faster_whisper - INFO - Processing audio with duration 00:01.248
RealTimeSTT: faster_whisper - DEBUG - Processing segment at 00:00.000
RealTimeSTT: faster_whisper - DEBUG - Log probability threshold is not met with temperature 0.0 (-1.057896 < -1.000000)
RealTimeSTT: root - INFO - voice deactivity detected
RealTimeSTT: root - INFO - recording stopped
RealTimeSTT: faster_whisper - DEBUG - Log probability threshold is not met with temperature 0.2 (-1.082382 < -1.000000)
RealTimeSTT: faster_whisper - DEBUG - Log probability threshold is not met with temperature 0.4 (-1.104507 < -1.000000)
RealTimeSTT: root - DEBUG - Waiting for recording start
RealTimeSTT: root - INFO - voice activity detected
RealTimeSTT: root - INFO - recording started
RealTimeSTT: root - DEBUG - Waiting for recording stop
RealTimeSTT: faster_whisper - DEBUG - Log probability threshold is not met with temperature 0.6 (-1.124545 < -1.000000)
RealTimeSTT: faster_whisper - DEBUG - Log probability threshold is not met with temperature 0.8 (-1.883242 < -1.000000)
RealTimeSTT: faster_whisper - DEBUG - Log probability threshold is not met with temperature 1.0 (-1.873962 < -1.000000)
RealTimeSTT: faster_whisper - DEBUG - Reset prompt. prompt_reset_on_temperature threshold is met 1.000000 > 0.500000
RealTimeSTT: root - DEBUG - Starting realtime transcription
RealTimeSTT: faster_whisper - INFO - Processing audio with duration 00:02.464
RealTimeSTT: faster_whisper - DEBUG - Processing segment at 00:00.000
RealTimeSTT: root - DEBUG - Starting realtime transcription
RealTimeSTT: faster_whisper - INFO - Processing audio with duration 00:03.648
RealTimeSTT: faster_whisper - DEBUG - Processing segment at 00:00.000
RealTimeSTT: root - INFO - voice deactivity detected
RealTimeSTT: root - INFO - recording stopped
RealTimeSTT: root - DEBUG - Waiting for recording start
RealTimeSTT: root - INFO - voice activity detected
RealTimeSTT: root - INFO - recording started
RealTimeSTT: root - DEBUG - Waiting for recording stop
RealTimeSTT: faster_whisper - INFO - Processing audio with duration 00:01.216
RealTimeSTT: faster_whisper - DEBUG - Processing segment at 00:00.000
RealTimeSTT: root - INFO - voice deactivity detected
RealTimeSTT: root - INFO - recording stopped
RealTimeSTT: root - DEBUG - Waiting for recording start
RealTimeSTT: root - INFO - voice activity detected
RealTimeSTT: root - INFO - recording started
RealTimeSTT: root - DEBUG - Waiting for recording stop
RealTimeSTT: faster_whisper - INFO - Processing audio with duration 00:01.216
RealTimeSTT: faster_whisper - DEBUG - Processing segment at 00:00.000
RealTimeSTT: root - DEBUG - Starting realtime transcription
RealTimeSTT: faster_whisper - INFO - Processing audio with duration 00:02.432
RealTimeSTT: faster_whisper - DEBUG - Processing segment at 00:00.000
RealTimeSTT: root - DEBUG - Starting realtime transcription
RealTimeSTT: faster_whisper - INFO - Processing audio with duration 00:03.616
RealTimeSTT: faster_whisper - DEBUG - Processing segment at 00:00.000
RealTimeSTT: root - DEBUG - Starting realtime transcription
RealTimeSTT: faster_whisper - INFO - Processing audio with duration 00:04.864
RealTimeSTT: faster_whisper - DEBUG - Processing segment at 00:00.000
RealTimeSTT: root - INFO - voice deactivity detected
RealTimeSTT: root - INFO - recording stopped
RealTimeSTT: root - DEBUG - Waiting for recording start
RealTimeSTT: root - INFO - voice activity detected
RealTimeSTT: root - INFO - recording started
RealTimeSTT: root - DEBUG - Waiting for recording stop
RealTimeSTT: faster_whisper - INFO - Processing audio with duration 00:01.216
RealTimeSTT: faster_whisper - DEBUG - Processing segment at 00:00.000
RealTimeSTT: root - INFO - voice deactivity detected
RealTimeSTT: root - INFO - recording stopped
RealTimeSTT: root - DEBUG - Waiting for recording start
RealTimeSTT: root - INFO - voice activity detected
RealTimeSTT: root - INFO - recording started
RealTimeSTT: root - DEBUG - Waiting for recording stop
RealTimeSTT: faster_whisper - INFO - Processing audio with duration 00:01.216
RealTimeSTT: faster_whisper - DEBUG - Processing segment at 00:00.000
RealTimeSTT: root - DEBUG - Starting realtime transcription
RealTimeSTT: faster_whisper - INFO - Processing audio with duration 00:02.304
RealTimeSTT: faster_whisper - DEBUG - Processing segment at 00:00.000
RealTimeSTT: root - DEBUG - Starting realtime transcription
RealTimeSTT: faster_whisper - INFO - Processing audio with duration 00:03.520
RealTimeSTT: faster_whisper - DEBUG - Processing segment at 00:00.000
RealTimeSTT: root - INFO - voice deactivity detected
RealTimeSTT: root - INFO - recording stopped
RealTimeSTT: root - DEBUG - Waiting for recording start
RealTimeSTT: root - INFO - recording stopped
